<?xml version="1.0" encoding="UTF-8"?>
<!-- Generated by org.testng.reporters.JUnitReportReporter -->
<testsuite hostname="APHRJHD3283098" failures="0" tests="1" name="com.restapi.test.SampleGetTest" time="1.303" errors="0" timestamp="2019-12-19T20:17:33 PST" skipped="0">
  <testcase classname="com.restapi.test.SampleGetTest" name="GetEmployerDetails" time="1.303"/>
</testsuite> <!-- com.restapi.test.SampleGetTest -->
