<?xml version="1.0" encoding="UTF-8"?>
<!-- Generated by org.testng.reporters.JUnitReportReporter -->
<testsuite hostname="APHRJHD3283098" failures="0" tests="1" name="com.restapi.test.SampleGetTest" time="1.523" errors="0" timestamp="2020-01-14T16:03:10 PST" skipped="0">
  <testcase classname="com.restapi.test.SampleGetTest" name="GetEmployerDetails" time="1.523"/>
</testsuite> <!-- com.restapi.test.SampleGetTest -->
