<?xml version="1.0" encoding="UTF-8"?>
<!-- Generated by org.testng.reporters.JUnitReportReporter -->
<testsuite hostname="APHRJHD3283098" failures="0" tests="3" name="com.restapi.test.TC100_GetEmp_Details" time="0.029" errors="0" timestamp="2019-12-28T23:57:12 PST" skipped="0">
  <testcase classname="com.restapi.test.TC100_GetEmp_Details" name="validateStatuscode" time="0.002"/>
  <testcase classname="com.restapi.test.TC100_GetEmp_Details" name="validateResponseBody" time="0.026"/>
  <testcase classname="com.restapi.test.TC100_GetEmp_Details" name="validateStatusLine" time="0.001"/>
</testsuite> <!-- com.restapi.test.TC100_GetEmp_Details -->
