<?xml version="1.0" encoding="UTF-8"?>
<!-- Generated by org.testng.reporters.JUnitReportReporter -->
<testsuite hostname="APHRJHD3283098" failures="0" tests="1" name="com.restapi.test.SampleDeleteTest" time="1.652" errors="0" timestamp="2019-12-20T11:25:06 PST" skipped="0">
  <testcase classname="com.restapi.test.SampleDeleteTest" name="DeleteRecords" time="1.652"/>
</testsuite> <!-- com.restapi.test.SampleDeleteTest -->
