<?xml version="1.0" encoding="UTF-8"?>
<!-- Generated by org.testng.reporters.JUnitReportReporter -->
<testsuite hostname="APHRJHD3283098" failures="0" tests="1" name="com.restapi.test.SamplePUTTest" time="1.662" errors="0" timestamp="2019-12-20T11:12:09 PST" skipped="0">
  <testcase classname="com.restapi.test.SamplePUTTest" name="UpdateRecords" time="1.662"/>
</testsuite> <!-- com.restapi.test.SamplePUTTest -->
